2023-05-01 12:22:24 - 
2023-05-01 12:22:24 - CICFlowMeter-V3 found: 1 Files.
2023-05-01 12:29:01 - 
2023-05-01 12:29:01 - CICFlowMeter-V3 found: 1 Files.
2023-05-01 12:31:50 - 
2023-05-01 12:31:50 - CICFlowMeter-V3 found: 1 Files.
2023-05-01 12:31:50 - 
2023-05-01 12:31:50 - Working on... pcap/2023-05-01-12:31:43.pcap 
2023-05-01 12:31:50 - Done! in 0 seconds
2023-05-01 12:31:50 - 	 Total packets: 9
2023-05-01 12:31:50 - 	 Valid packets: 6
2023-05-01 12:31:50 - 	 Ignored packets:3 3 
2023-05-01 12:31:50 - PCAP duration 0 seconds
2023-05-01 12:31:50 - ----------------------------------------------------------------------------
2023-05-01 12:31:50 - 

----------------------------------------------------------------------------
 TOTAL FLOWS GENERATED: 3
2023-05-01 12:31:50 - ----------------------------------------------------------------------------

2023-05-03 11:45:55 - 
2023-05-03 11:45:55 - CICFlowMeter-V3 found: 1 Files.
2023-05-03 11:45:55 - 
2023-05-03 11:45:55 - Working on... pcap/2023-05-03-11:45:50.pcap 
2023-05-03 11:45:55 - Done! in 0 seconds
2023-05-03 11:45:55 - 	 Total packets: 7
2023-05-03 11:45:55 - 	 Valid packets: 4
2023-05-03 11:45:55 - 	 Ignored packets:3 3 
2023-05-03 11:45:55 - PCAP duration 0 seconds
2023-05-03 11:45:55 - ----------------------------------------------------------------------------
2023-05-03 11:45:55 - 

----------------------------------------------------------------------------
 TOTAL FLOWS GENERATED: 2
2023-05-03 11:45:55 - ----------------------------------------------------------------------------

2023-05-03 12:06:26 - 
2023-05-03 12:06:26 - CICFlowMeter-V3 found: 1 Files.
2023-05-03 12:06:26 - 
2023-05-03 12:06:26 - Working on... pcap/%Y-%m-%d-%H:%M:%S.pcap 
2023-05-03 12:06:26 - Done! in 0 seconds
2023-05-03 12:06:26 - 	 Total packets: 100
2023-05-03 12:06:26 - 	 Valid packets: 88
2023-05-03 12:06:26 - 	 Ignored packets:12 12 
2023-05-03 12:06:26 - PCAP duration 9 seconds
2023-05-03 12:06:26 - ----------------------------------------------------------------------------
2023-05-03 12:06:26 - 

----------------------------------------------------------------------------
 TOTAL FLOWS GENERATED: 7
2023-05-03 12:06:26 - ----------------------------------------------------------------------------

2023-05-03 12:50:29 - 
2023-05-03 12:50:29 - CICFlowMeter-V3 found: 1 Files.
2023-05-03 12:50:30 - 
2023-05-03 12:50:30 - Working on... pcap/%Y-%m-%d-%H:%M:%S.pcap 
2023-05-03 12:50:30 - Done! in 0 seconds
2023-05-03 12:50:30 - 	 Total packets: 1000
2023-05-03 12:50:30 - 	 Valid packets: 888
2023-05-03 12:50:30 - 	 Ignored packets:112 112 
2023-05-03 12:50:30 - PCAP duration 71 seconds
2023-05-03 12:50:30 - ----------------------------------------------------------------------------
2023-05-03 12:50:30 - 

----------------------------------------------------------------------------
 TOTAL FLOWS GENERATED: 44
2023-05-03 12:50:30 - ----------------------------------------------------------------------------

2023-05-05 16:55:01 - 
2023-05-05 16:55:01 - CICFlowMeter-V3 found: 1 Files.
2023-05-05 16:55:01 - 
2023-05-05 16:55:01 - Working on... pcap/%Y-%m-%d-%H:%M:%S.pcap 
2023-05-05 16:55:01 - Done! in 0 seconds
2023-05-05 16:55:01 - 	 Total packets: 625
2023-05-05 16:55:01 - 	 Valid packets: 624
2023-05-05 16:55:01 - 	 Ignored packets:1 1 
2023-05-05 16:55:01 - PCAP duration 87 seconds
2023-05-05 16:55:01 - ----------------------------------------------------------------------------
2023-05-05 16:55:01 - 

----------------------------------------------------------------------------
 TOTAL FLOWS GENERATED: 41
2023-05-05 16:55:01 - ----------------------------------------------------------------------------

2023-05-05 17:00:15 - 
2023-05-05 17:00:15 - CICFlowMeter-V3 found: 1 Files.
2023-05-05 17:00:15 - 
2023-05-05 17:00:15 - Working on... pcap/dump.pcap 
2023-05-05 17:00:15 - Done! in 0 seconds
2023-05-05 17:00:15 - 	 Total packets: 2
2023-05-05 17:00:15 - 	 Valid packets: 2
2023-05-05 17:00:15 - 	 Ignored packets:0 0 
2023-05-05 17:00:15 - PCAP duration 0 seconds
2023-05-05 17:00:15 - ----------------------------------------------------------------------------
2023-05-05 17:00:15 - 

----------------------------------------------------------------------------
 TOTAL FLOWS GENERATED: 1
2023-05-05 17:00:15 - ----------------------------------------------------------------------------

2023-05-05 17:03:06 - 
2023-05-05 17:03:06 - CICFlowMeter-V3 found: 1 Files.
2023-05-05 17:03:06 - 
2023-05-05 17:03:06 - Working on... pcap/2023-05-05_17-02-58.pcap 
2023-05-05 17:03:06 - Done! in 0 seconds
2023-05-05 17:03:06 - 	 Total packets: 17
2023-05-05 17:03:06 - 	 Valid packets: 17
2023-05-05 17:03:06 - 	 Ignored packets:0 0 
2023-05-05 17:03:06 - PCAP duration 3 seconds
2023-05-05 17:03:06 - ----------------------------------------------------------------------------
2023-05-05 17:03:06 - 

----------------------------------------------------------------------------
 TOTAL FLOWS GENERATED: 2
2023-05-05 17:03:06 - ----------------------------------------------------------------------------

2023-05-05 17:12:03 - 
2023-05-05 17:12:03 - CICFlowMeter-V3 found: 1 Files.
2023-05-05 17:12:03 - 
2023-05-05 17:12:03 - Working on... pcap/2023-05-05_17-11-57.pcap 
2023-05-05 17:12:03 - Done! in 0 seconds
2023-05-05 17:12:03 - 	 Total packets: 1
2023-05-05 17:12:03 - 	 Valid packets: 1
2023-05-05 17:12:03 - 	 Ignored packets:0 0 
2023-05-05 17:12:03 - PCAP duration 0 seconds
2023-05-05 17:12:03 - ----------------------------------------------------------------------------
2023-05-05 17:12:03 - 

----------------------------------------------------------------------------
 TOTAL FLOWS GENERATED: 0
2023-05-05 17:12:03 - ----------------------------------------------------------------------------

2023-05-06 16:50:25 - 
2023-05-06 16:50:25 - CICFlowMeter-V3 found: 1 Files.
2023-05-06 16:50:25 - 
2023-05-06 16:50:25 - Working on... pcap/dump.pcap 
2023-05-06 16:50:26 - Done! in 0 seconds
2023-05-06 16:50:26 - 	 Total packets: 43
2023-05-06 16:50:26 - 	 Valid packets: 32
2023-05-06 16:50:26 - 	 Ignored packets:11 11 
2023-05-06 16:50:26 - PCAP duration 9 seconds
2023-05-06 16:50:26 - ----------------------------------------------------------------------------
2023-05-06 16:50:26 - 

----------------------------------------------------------------------------
 TOTAL FLOWS GENERATED: 7
2023-05-06 16:50:26 - ----------------------------------------------------------------------------

2023-05-06 20:37:11 - 
2023-05-06 20:37:11 - CICFlowMeter-V3 found: 1 Files.
2023-05-06 20:37:11 - 
2023-05-06 20:37:11 - Working on... pcap/dump.pcap 
2023-05-06 20:37:11 - Done! in 0 seconds
2023-05-06 20:37:11 - 	 Total packets: 34
2023-05-06 20:37:11 - 	 Valid packets: 33
2023-05-06 20:37:11 - 	 Ignored packets:1 1 
2023-05-06 20:37:11 - PCAP duration 4 seconds
2023-05-06 20:37:11 - ----------------------------------------------------------------------------
2023-05-06 20:37:11 - 

----------------------------------------------------------------------------
 TOTAL FLOWS GENERATED: 4
2023-05-06 20:37:11 - ----------------------------------------------------------------------------

2023-05-06 20:37:36 - 
2023-05-06 20:37:36 - CICFlowMeter-V3 found: 1 Files.
2023-05-06 20:37:36 - 
2023-05-06 20:37:36 - Working on... pcap/dump.pcap 
2023-05-06 20:37:36 - Done! in 0 seconds
2023-05-06 20:37:36 - 	 Total packets: 100
2023-05-06 20:37:36 - 	 Valid packets: 93
2023-05-06 20:37:36 - 	 Ignored packets:7 7 
2023-05-06 20:37:36 - PCAP duration 17 seconds
2023-05-06 20:37:36 - ----------------------------------------------------------------------------
2023-05-06 20:37:36 - 

----------------------------------------------------------------------------
 TOTAL FLOWS GENERATED: 18
2023-05-06 20:37:36 - ----------------------------------------------------------------------------

2023-05-06 20:38:33 - 
2023-05-06 20:38:33 - CICFlowMeter-V3 found: 1 Files.
2023-05-06 20:38:33 - 
2023-05-06 20:38:33 - Working on... pcap/dump.pcap 
2023-05-06 20:38:33 - Done! in 0 seconds
2023-05-06 20:38:33 - 	 Total packets: 41
2023-05-06 20:38:33 - 	 Valid packets: 41
2023-05-06 20:38:33 - 	 Ignored packets:0 0 
2023-05-06 20:38:33 - PCAP duration 1 seconds
2023-05-06 20:38:33 - ----------------------------------------------------------------------------
2023-05-06 20:38:33 - 

----------------------------------------------------------------------------
 TOTAL FLOWS GENERATED: 2
2023-05-06 20:38:33 - ----------------------------------------------------------------------------

2023-05-06 20:39:16 - 
2023-05-06 20:39:16 - CICFlowMeter-V3 found: 1 Files.
2023-05-06 20:39:16 - 
2023-05-06 20:39:16 - Working on... pcap/dump.pcap 
2023-05-06 20:39:16 - Done! in 0 seconds
2023-05-06 20:39:16 - 	 Total packets: 1
2023-05-06 20:39:16 - 	 Valid packets: 0
2023-05-06 20:39:16 - 	 Ignored packets:1 1 
2023-05-06 20:39:16 - PCAP duration 0 seconds
2023-05-06 20:39:16 - ----------------------------------------------------------------------------
2023-05-06 20:39:16 - 

----------------------------------------------------------------------------
 TOTAL FLOWS GENERATED: 0
2023-05-06 20:39:16 - ----------------------------------------------------------------------------

2023-05-06 20:40:13 - 
2023-05-06 20:40:13 - CICFlowMeter-V3 found: 1 Files.
2023-05-06 20:40:14 - 
2023-05-06 20:40:14 - Working on... pcap/dump.pcap 
2023-05-06 20:40:14 - Done! in 0 seconds
2023-05-06 20:40:14 - 	 Total packets: 18
2023-05-06 20:40:14 - 	 Valid packets: 18
2023-05-06 20:40:14 - 	 Ignored packets:0 0 
2023-05-06 20:40:14 - PCAP duration 2 seconds
2023-05-06 20:40:14 - ----------------------------------------------------------------------------
2023-05-06 20:40:14 - 

----------------------------------------------------------------------------
 TOTAL FLOWS GENERATED: 3
2023-05-06 20:40:14 - ----------------------------------------------------------------------------

2023-05-06 20:40:33 - 
2023-05-06 20:40:33 - CICFlowMeter-V3 found: 1 Files.
2023-05-06 20:40:33 - 
2023-05-06 20:40:33 - Working on... pcap/dump.pcap 
2023-05-06 20:40:33 - Done! in 0 seconds
2023-05-06 20:40:33 - 	 Total packets: 100
2023-05-06 20:40:33 - 	 Valid packets: 96
2023-05-06 20:40:33 - 	 Ignored packets:4 4 
2023-05-06 20:40:33 - PCAP duration 14 seconds
2023-05-06 20:40:33 - ----------------------------------------------------------------------------
2023-05-06 20:40:33 - 

----------------------------------------------------------------------------
 TOTAL FLOWS GENERATED: 17
2023-05-06 20:40:33 - ----------------------------------------------------------------------------

2023-05-06 20:40:55 - 
2023-05-06 20:40:55 - CICFlowMeter-V3 found: 1 Files.
2023-05-06 20:40:55 - 
2023-05-06 20:40:55 - Working on... pcap/dump.pcap 
2023-05-06 20:40:55 - Done! in 0 seconds
2023-05-06 20:40:55 - 	 Total packets: 100
2023-05-06 20:40:55 - 	 Valid packets: 81
2023-05-06 20:40:55 - 	 Ignored packets:19 19 
2023-05-06 20:40:55 - PCAP duration 15 seconds
2023-05-06 20:40:55 - ----------------------------------------------------------------------------
2023-05-06 20:40:55 - 

----------------------------------------------------------------------------
 TOTAL FLOWS GENERATED: 11
2023-05-06 20:40:55 - ----------------------------------------------------------------------------

2023-05-06 20:41:07 - 
2023-05-06 20:41:07 - CICFlowMeter-V3 found: 1 Files.
2023-05-06 20:41:07 - 
2023-05-06 20:41:07 - Working on... pcap/dump.pcap 
2023-05-06 20:41:07 - Done! in 0 seconds
2023-05-06 20:41:07 - 	 Total packets: 100
2023-05-06 20:41:07 - 	 Valid packets: 98
2023-05-06 20:41:07 - 	 Ignored packets:2 2 
2023-05-06 20:41:07 - PCAP duration 6 seconds
2023-05-06 20:41:07 - ----------------------------------------------------------------------------
2023-05-06 20:41:07 - 

----------------------------------------------------------------------------
 TOTAL FLOWS GENERATED: 3
2023-05-06 20:41:07 - ----------------------------------------------------------------------------

2023-05-06 20:41:32 - 
2023-05-06 20:41:32 - CICFlowMeter-V3 found: 1 Files.
2023-05-06 20:41:32 - 
2023-05-06 20:41:32 - Working on... pcap/dump.pcap 
2023-05-06 20:41:32 - Done! in 0 seconds
2023-05-06 20:41:32 - 	 Total packets: 100
2023-05-06 20:41:32 - 	 Valid packets: 83
2023-05-06 20:41:32 - 	 Ignored packets:17 17 
2023-05-06 20:41:32 - PCAP duration 18 seconds
2023-05-06 20:41:32 - ----------------------------------------------------------------------------
2023-05-06 20:41:32 - 

----------------------------------------------------------------------------
 TOTAL FLOWS GENERATED: 17
2023-05-06 20:41:32 - ----------------------------------------------------------------------------

2023-05-06 20:41:56 - 
2023-05-06 20:41:56 - CICFlowMeter-V3 found: 1 Files.
2023-05-06 20:41:56 - 
2023-05-06 20:41:56 - Working on... pcap/dump.pcap 
2023-05-06 20:41:56 - Done! in 0 seconds
2023-05-06 20:41:56 - 	 Total packets: 100
2023-05-06 20:41:56 - 	 Valid packets: 81
2023-05-06 20:41:56 - 	 Ignored packets:19 19 
2023-05-06 20:41:56 - PCAP duration 19 seconds
2023-05-06 20:41:56 - ----------------------------------------------------------------------------
2023-05-06 20:41:56 - 

----------------------------------------------------------------------------
 TOTAL FLOWS GENERATED: 18
2023-05-06 20:41:56 - ----------------------------------------------------------------------------

2023-05-07 11:51:59 - 
2023-05-07 11:51:59 - CICFlowMeter-V3 found: 1 Files.
2023-05-07 11:51:59 - 
2023-05-07 11:51:59 - Working on... pcap/dump.pcap 
2023-05-07 11:51:59 - Done! in 0 seconds
2023-05-07 11:51:59 - 	 Total packets: 100
2023-05-07 11:51:59 - 	 Valid packets: 98
2023-05-07 11:51:59 - 	 Ignored packets:2 2 
2023-05-07 11:51:59 - PCAP duration 8 seconds
2023-05-07 11:51:59 - ----------------------------------------------------------------------------
2023-05-07 11:51:59 - 

----------------------------------------------------------------------------
 TOTAL FLOWS GENERATED: 5
2023-05-07 11:51:59 - ----------------------------------------------------------------------------

2023-05-07 11:52:04 - 
2023-05-07 11:52:04 - CICFlowMeter-V3 found: 1 Files.
2023-05-07 11:52:04 - 
2023-05-07 11:52:04 - Working on... pcap/dump.pcap 
2023-05-07 11:52:04 - Done! in 0 seconds
2023-05-07 11:52:04 - 	 Total packets: 100
2023-05-07 11:52:04 - 	 Valid packets: 97
2023-05-07 11:52:04 - 	 Ignored packets:3 3 
2023-05-07 11:52:04 - PCAP duration 0 seconds
2023-05-07 11:52:04 - ----------------------------------------------------------------------------
2023-05-07 11:52:04 - 

----------------------------------------------------------------------------
 TOTAL FLOWS GENERATED: 2
2023-05-07 11:52:04 - ----------------------------------------------------------------------------

2023-05-07 11:52:22 - 
2023-05-07 11:52:22 - CICFlowMeter-V3 found: 1 Files.
2023-05-07 11:52:22 - 
2023-05-07 11:52:22 - Working on... pcap/dump.pcap 
2023-05-07 11:52:22 - Done! in 0 seconds
2023-05-07 11:52:22 - 	 Total packets: 100
2023-05-07 11:52:22 - 	 Valid packets: 95
2023-05-07 11:52:22 - 	 Ignored packets:5 5 
2023-05-07 11:52:22 - PCAP duration 11 seconds
2023-05-07 11:52:22 - ----------------------------------------------------------------------------
2023-05-07 11:52:22 - 

----------------------------------------------------------------------------
 TOTAL FLOWS GENERATED: 11
2023-05-07 11:52:22 - ----------------------------------------------------------------------------

2023-05-07 11:52:31 - 
2023-05-07 11:52:31 - CICFlowMeter-V3 found: 1 Files.
2023-05-07 11:52:31 - 
2023-05-07 11:52:31 - Working on... pcap/dump.pcap 
2023-05-07 11:52:31 - Done! in 0 seconds
2023-05-07 11:52:31 - 	 Total packets: 100
2023-05-07 11:52:31 - 	 Valid packets: 99
2023-05-07 11:52:31 - 	 Ignored packets:1 1 
2023-05-07 11:52:31 - PCAP duration 1 seconds
2023-05-07 11:52:31 - ----------------------------------------------------------------------------
2023-05-07 11:52:32 - 

----------------------------------------------------------------------------
 TOTAL FLOWS GENERATED: 20
2023-05-07 11:52:32 - ----------------------------------------------------------------------------

2023-05-07 12:13:24 - 
2023-05-07 12:13:24 - CICFlowMeter-V3 found: 1 Files.
2023-05-07 12:13:24 - 
2023-05-07 12:13:24 - Working on... pcap/dump.pcap 
2023-05-07 12:13:24 - Done! in 0 seconds
2023-05-07 12:13:24 - 	 Total packets: 100
2023-05-07 12:13:24 - 	 Valid packets: 90
2023-05-07 12:13:24 - 	 Ignored packets:10 10 
2023-05-07 12:13:24 - PCAP duration 18 seconds
2023-05-07 12:13:24 - ----------------------------------------------------------------------------
2023-05-07 12:13:24 - 

----------------------------------------------------------------------------
 TOTAL FLOWS GENERATED: 10
2023-05-07 12:13:24 - ----------------------------------------------------------------------------

2023-05-07 12:13:42 - 
2023-05-07 12:13:42 - CICFlowMeter-V3 found: 1 Files.
2023-05-07 12:13:42 - 
2023-05-07 12:13:42 - Working on... pcap/dump.pcap 
2023-05-07 12:13:42 - Done! in 0 seconds
2023-05-07 12:13:42 - 	 Total packets: 100
2023-05-07 12:13:42 - 	 Valid packets: 75
2023-05-07 12:13:42 - 	 Ignored packets:25 25 
2023-05-07 12:13:42 - PCAP duration 12 seconds
2023-05-07 12:13:42 - ----------------------------------------------------------------------------
2023-05-07 12:13:42 - 

----------------------------------------------------------------------------
 TOTAL FLOWS GENERATED: 16
2023-05-07 12:13:42 - ----------------------------------------------------------------------------

2023-05-07 12:14:03 - 
2023-05-07 12:14:03 - CICFlowMeter-V3 found: 1 Files.
2023-05-07 12:14:03 - 
2023-05-07 12:14:03 - Working on... pcap/dump.pcap 
2023-05-07 12:14:03 - Done! in 0 seconds
2023-05-07 12:14:03 - 	 Total packets: 100
2023-05-07 12:14:03 - 	 Valid packets: 82
2023-05-07 12:14:03 - 	 Ignored packets:18 18 
2023-05-07 12:14:03 - PCAP duration 15 seconds
2023-05-07 12:14:03 - ----------------------------------------------------------------------------
2023-05-07 12:14:03 - 

----------------------------------------------------------------------------
 TOTAL FLOWS GENERATED: 9
2023-05-07 12:14:03 - ----------------------------------------------------------------------------

2023-05-07 12:17:37 - 
2023-05-07 12:17:37 - CICFlowMeter-V3 found: 1 Files.
2023-05-07 12:17:37 - 
2023-05-07 12:17:37 - Working on... pcap/dump.pcap 
2023-05-07 12:17:37 - Done! in 0 seconds
2023-05-07 12:17:37 - 	 Total packets: 100
2023-05-07 12:17:37 - 	 Valid packets: 94
2023-05-07 12:17:37 - 	 Ignored packets:6 6 
2023-05-07 12:17:37 - PCAP duration 5 seconds
2023-05-07 12:17:37 - ----------------------------------------------------------------------------
2023-05-07 12:17:37 - 

----------------------------------------------------------------------------
 TOTAL FLOWS GENERATED: 9
2023-05-07 12:17:37 - ----------------------------------------------------------------------------

2023-05-07 12:19:16 - 
2023-05-07 12:19:16 - CICFlowMeter-V3 found: 1 Files.
2023-05-07 12:19:17 - 
2023-05-07 12:19:17 - Working on... pcap/dump.pcap 
2023-05-07 12:19:17 - Done! in 0 seconds
2023-05-07 12:19:17 - 	 Total packets: 100
2023-05-07 12:19:17 - 	 Valid packets: 90
2023-05-07 12:19:17 - 	 Ignored packets:10 10 
2023-05-07 12:19:17 - PCAP duration 12 seconds
2023-05-07 12:19:17 - ----------------------------------------------------------------------------
2023-05-07 12:19:17 - 

----------------------------------------------------------------------------
 TOTAL FLOWS GENERATED: 7
2023-05-07 12:19:17 - ----------------------------------------------------------------------------

2023-05-07 12:19:35 - 
2023-05-07 12:19:35 - CICFlowMeter-V3 found: 1 Files.
2023-05-07 12:19:35 - 
2023-05-07 12:19:35 - Working on... pcap/dump.pcap 
2023-05-07 12:19:35 - Done! in 0 seconds
2023-05-07 12:19:35 - 	 Total packets: 100
2023-05-07 12:19:35 - 	 Valid packets: 98
2023-05-07 12:19:35 - 	 Ignored packets:2 2 
2023-05-07 12:19:35 - PCAP duration 13 seconds
2023-05-07 12:19:35 - ----------------------------------------------------------------------------
2023-05-07 12:19:36 - 

----------------------------------------------------------------------------
 TOTAL FLOWS GENERATED: 14
2023-05-07 12:19:36 - ----------------------------------------------------------------------------

2023-05-07 12:22:22 - 
2023-05-07 12:22:22 - CICFlowMeter-V3 found: 1 Files.
2023-05-07 12:22:22 - 
2023-05-07 12:22:22 - Working on... pcap/dump.pcap 
2023-05-07 12:22:22 - Done! in 0 seconds
2023-05-07 12:22:22 - 	 Total packets: 100
2023-05-07 12:22:22 - 	 Valid packets: 95
2023-05-07 12:22:22 - 	 Ignored packets:5 5 
2023-05-07 12:22:22 - PCAP duration 14 seconds
2023-05-07 12:22:22 - ----------------------------------------------------------------------------
2023-05-07 12:22:22 - 

----------------------------------------------------------------------------
 TOTAL FLOWS GENERATED: 9
2023-05-07 12:22:22 - ----------------------------------------------------------------------------

2023-05-07 12:22:33 - 
2023-05-07 12:22:33 - CICFlowMeter-V3 found: 1 Files.
2023-05-07 12:22:33 - 
2023-05-07 12:22:33 - Working on... pcap/dump.pcap 
2023-05-07 12:22:33 - Done! in 0 seconds
2023-05-07 12:22:33 - 	 Total packets: 100
2023-05-07 12:22:33 - 	 Valid packets: 97
2023-05-07 12:22:33 - 	 Ignored packets:3 3 
2023-05-07 12:22:33 - PCAP duration 5 seconds
2023-05-07 12:22:33 - ----------------------------------------------------------------------------
2023-05-07 12:22:33 - 

----------------------------------------------------------------------------
 TOTAL FLOWS GENERATED: 20
2023-05-07 12:22:33 - ----------------------------------------------------------------------------

2023-05-07 12:22:53 - 
2023-05-07 12:22:54 - CICFlowMeter-V3 found: 1 Files.
2023-05-07 12:22:54 - 
2023-05-07 12:22:54 - Working on... pcap/dump.pcap 
2023-05-07 12:22:54 - Done! in 0 seconds
2023-05-07 12:22:54 - 	 Total packets: 100
2023-05-07 12:22:54 - 	 Valid packets: 89
2023-05-07 12:22:54 - 	 Ignored packets:11 11 
2023-05-07 12:22:54 - PCAP duration 15 seconds
2023-05-07 12:22:54 - ----------------------------------------------------------------------------
2023-05-07 12:22:54 - 

----------------------------------------------------------------------------
 TOTAL FLOWS GENERATED: 10
2023-05-07 12:22:54 - ----------------------------------------------------------------------------

2023-05-07 12:27:09 - 
2023-05-07 12:27:09 - CICFlowMeter-V3 found: 1 Files.
2023-05-07 12:27:09 - 
2023-05-07 12:27:09 - Working on... pcap/dump.pcap 
2023-05-07 12:27:09 - Done! in 0 seconds
2023-05-07 12:27:09 - 	 Total packets: 29
2023-05-07 12:27:09 - 	 Valid packets: 26
2023-05-07 12:27:09 - 	 Ignored packets:3 3 
2023-05-07 12:27:09 - PCAP duration 3 seconds
2023-05-07 12:27:09 - ----------------------------------------------------------------------------
2023-05-07 12:27:09 - 

----------------------------------------------------------------------------
 TOTAL FLOWS GENERATED: 3
2023-05-07 12:27:09 - ----------------------------------------------------------------------------

2023-05-07 12:29:44 - 
2023-05-07 12:29:44 - CICFlowMeter-V3 found: 1 Files.
2023-05-07 12:29:44 - 
2023-05-07 12:29:44 - Working on... pcap/dump.pcap 
2023-05-07 12:29:44 - Done! in 0 seconds
2023-05-07 12:29:44 - 	 Total packets: 3
2023-05-07 12:29:44 - 	 Valid packets: 3
2023-05-07 12:29:44 - 	 Ignored packets:0 0 
2023-05-07 12:29:44 - PCAP duration 0 seconds
2023-05-07 12:29:44 - ----------------------------------------------------------------------------
2023-05-07 12:29:44 - 

----------------------------------------------------------------------------
 TOTAL FLOWS GENERATED: 1
2023-05-07 12:29:44 - ----------------------------------------------------------------------------

2023-05-07 12:30:18 - 
2023-05-07 12:30:18 - CICFlowMeter-V3 found: 1 Files.
2023-05-07 12:30:18 - 
2023-05-07 12:30:18 - Working on... pcap/dump.pcap 
2023-05-07 12:30:18 - Done! in 0 seconds
2023-05-07 12:30:18 - 	 Total packets: 100
2023-05-07 12:30:18 - 	 Valid packets: 87
2023-05-07 12:30:18 - 	 Ignored packets:13 13 
2023-05-07 12:30:18 - PCAP duration 26 seconds
2023-05-07 12:30:18 - ----------------------------------------------------------------------------
2023-05-07 12:30:18 - 

----------------------------------------------------------------------------
 TOTAL FLOWS GENERATED: 8
2023-05-07 12:30:18 - ----------------------------------------------------------------------------

2023-05-07 12:31:09 - 
2023-05-07 12:31:09 - CICFlowMeter-V3 found: 1 Files.
2023-05-07 12:31:09 - 
2023-05-07 12:31:09 - Working on... pcap/dump.pcap 
2023-05-07 12:31:09 - Done! in 0 seconds
2023-05-07 12:31:09 - 	 Total packets: 100
2023-05-07 12:31:09 - 	 Valid packets: 89
2023-05-07 12:31:09 - 	 Ignored packets:11 11 
2023-05-07 12:31:09 - PCAP duration 18 seconds
2023-05-07 12:31:09 - ----------------------------------------------------------------------------
2023-05-07 12:31:09 - 

----------------------------------------------------------------------------
 TOTAL FLOWS GENERATED: 7
2023-05-07 12:31:09 - ----------------------------------------------------------------------------

2023-05-07 12:33:03 - 
2023-05-07 12:33:03 - CICFlowMeter-V3 found: 1 Files.
2023-05-07 12:33:04 - 
2023-05-07 12:33:04 - Working on... pcap/dump.pcap 
2023-05-07 12:33:04 - Done! in 0 seconds
2023-05-07 12:33:04 - 	 Total packets: 100
2023-05-07 12:33:04 - 	 Valid packets: 86
2023-05-07 12:33:04 - 	 Ignored packets:14 14 
2023-05-07 12:33:04 - PCAP duration 22 seconds
2023-05-07 12:33:04 - ----------------------------------------------------------------------------
2023-05-07 12:33:04 - 

----------------------------------------------------------------------------
 TOTAL FLOWS GENERATED: 15
2023-05-07 12:33:04 - ----------------------------------------------------------------------------

2023-05-07 12:34:29 - 
2023-05-07 12:34:29 - CICFlowMeter-V3 found: 1 Files.
2023-05-07 12:34:29 - 
2023-05-07 12:34:29 - Working on... pcap/dump.pcap 
2023-05-07 12:34:29 - Done! in 0 seconds
2023-05-07 12:34:29 - 	 Total packets: 100
2023-05-07 12:34:29 - 	 Valid packets: 94
2023-05-07 12:34:29 - 	 Ignored packets:6 6 
2023-05-07 12:34:29 - PCAP duration 15 seconds
2023-05-07 12:34:29 - ----------------------------------------------------------------------------
2023-05-07 12:34:29 - 

----------------------------------------------------------------------------
 TOTAL FLOWS GENERATED: 16
2023-05-07 12:34:29 - ----------------------------------------------------------------------------

2023-05-07 12:39:50 - 
2023-05-07 12:39:50 - CICFlowMeter-V3 found: 1 Files.
2023-05-07 12:39:50 - 
2023-05-07 12:39:50 - Working on... pcap/dump.pcap 
2023-05-07 12:39:50 - Done! in 0 seconds
2023-05-07 12:39:50 - 	 Total packets: 100
2023-05-07 12:39:50 - 	 Valid packets: 97
2023-05-07 12:39:50 - 	 Ignored packets:3 3 
2023-05-07 12:39:50 - PCAP duration 14 seconds
2023-05-07 12:39:50 - ----------------------------------------------------------------------------
2023-05-07 12:39:50 - 

----------------------------------------------------------------------------
 TOTAL FLOWS GENERATED: 10
2023-05-07 12:39:50 - ----------------------------------------------------------------------------

2023-05-07 12:41:21 - 
2023-05-07 12:41:21 - CICFlowMeter-V3 found: 1 Files.
2023-05-07 12:41:21 - 
2023-05-07 12:41:21 - Working on... pcap/dump.pcap 
2023-05-07 12:41:21 - Done! in 0 seconds
2023-05-07 12:41:21 - 	 Total packets: 100
2023-05-07 12:41:21 - 	 Valid packets: 93
2023-05-07 12:41:21 - 	 Ignored packets:7 7 
2023-05-07 12:41:21 - PCAP duration 18 seconds
2023-05-07 12:41:21 - ----------------------------------------------------------------------------
2023-05-07 12:41:21 - 

----------------------------------------------------------------------------
 TOTAL FLOWS GENERATED: 9
2023-05-07 12:41:21 - ----------------------------------------------------------------------------

2023-05-07 12:42:31 - 
2023-05-07 12:42:31 - CICFlowMeter-V3 found: 1 Files.
2023-05-07 12:42:31 - 
2023-05-07 12:42:31 - Working on... pcap/dump.pcap 
2023-05-07 12:42:31 - Done! in 0 seconds
2023-05-07 12:42:31 - 	 Total packets: 100
2023-05-07 12:42:31 - 	 Valid packets: 85
2023-05-07 12:42:31 - 	 Ignored packets:15 15 
2023-05-07 12:42:31 - PCAP duration 13 seconds
2023-05-07 12:42:31 - ----------------------------------------------------------------------------
2023-05-07 12:42:31 - 

----------------------------------------------------------------------------
 TOTAL FLOWS GENERATED: 7
2023-05-07 12:42:31 - ----------------------------------------------------------------------------

2023-05-07 12:42:48 - 
2023-05-07 12:42:48 - CICFlowMeter-V3 found: 1 Files.
2023-05-07 12:42:48 - 
2023-05-07 12:42:48 - Working on... pcap/dump.pcap 
2023-05-07 12:42:49 - Done! in 0 seconds
2023-05-07 12:42:49 - 	 Total packets: 100
2023-05-07 12:42:49 - 	 Valid packets: 88
2023-05-07 12:42:49 - 	 Ignored packets:12 12 
2023-05-07 12:42:49 - PCAP duration 14 seconds
2023-05-07 12:42:49 - ----------------------------------------------------------------------------
2023-05-07 12:42:49 - 

----------------------------------------------------------------------------
 TOTAL FLOWS GENERATED: 11
2023-05-07 12:42:49 - ----------------------------------------------------------------------------

2023-05-07 12:51:27 - 
2023-05-07 12:51:27 - CICFlowMeter-V3 found: 1 Files.
2023-05-07 12:51:27 - 
2023-05-07 12:51:27 - Working on... pcap/dump.pcap 
2023-05-07 12:51:27 - Done! in 0 seconds
2023-05-07 12:51:27 - 	 Total packets: 100
2023-05-07 12:51:27 - 	 Valid packets: 84
2023-05-07 12:51:27 - 	 Ignored packets:16 16 
2023-05-07 12:51:27 - PCAP duration 24 seconds
2023-05-07 12:51:27 - ----------------------------------------------------------------------------
2023-05-07 12:51:27 - 

----------------------------------------------------------------------------
 TOTAL FLOWS GENERATED: 7
2023-05-07 12:51:27 - ----------------------------------------------------------------------------

2023-05-07 12:51:51 - 
2023-05-07 12:51:51 - CICFlowMeter-V3 found: 1 Files.
2023-05-07 12:51:51 - 
2023-05-07 12:51:51 - Working on... pcap/dump.pcap 
2023-05-07 12:51:52 - Done! in 0 seconds
2023-05-07 12:51:52 - 	 Total packets: 100
2023-05-07 12:51:52 - 	 Valid packets: 92
2023-05-07 12:51:52 - 	 Ignored packets:8 8 
2023-05-07 12:51:52 - PCAP duration 21 seconds
2023-05-07 12:51:52 - ----------------------------------------------------------------------------
2023-05-07 12:51:52 - 

----------------------------------------------------------------------------
 TOTAL FLOWS GENERATED: 8
2023-05-07 12:51:52 - ----------------------------------------------------------------------------

2023-05-07 12:52:44 - 
2023-05-07 12:52:44 - CICFlowMeter-V3 found: 1 Files.
2023-05-07 12:52:44 - 
2023-05-07 12:52:44 - Working on... pcap/dump.pcap 
2023-05-07 12:52:44 - Done! in 0 seconds
2023-05-07 12:52:44 - 	 Total packets: 100
2023-05-07 12:52:44 - 	 Valid packets: 95
2023-05-07 12:52:44 - 	 Ignored packets:5 5 
2023-05-07 12:52:44 - PCAP duration 4 seconds
2023-05-07 12:52:44 - ----------------------------------------------------------------------------
2023-05-07 12:52:44 - 

----------------------------------------------------------------------------
 TOTAL FLOWS GENERATED: 9
2023-05-07 12:52:44 - ----------------------------------------------------------------------------

2023-05-07 12:53:05 - 
2023-05-07 12:53:05 - CICFlowMeter-V3 found: 1 Files.
2023-05-07 12:53:05 - 
2023-05-07 12:53:05 - Working on... pcap/dump.pcap 
2023-05-07 12:53:05 - Done! in 0 seconds
2023-05-07 12:53:05 - 	 Total packets: 100
2023-05-07 12:53:05 - 	 Valid packets: 99
2023-05-07 12:53:05 - 	 Ignored packets:1 1 
2023-05-07 12:53:05 - PCAP duration 0 seconds
2023-05-07 12:53:05 - ----------------------------------------------------------------------------
2023-05-07 12:53:05 - 

----------------------------------------------------------------------------
 TOTAL FLOWS GENERATED: 3
2023-05-07 12:53:05 - ----------------------------------------------------------------------------

2023-05-07 12:53:24 - 
2023-05-07 12:53:24 - CICFlowMeter-V3 found: 1 Files.
2023-05-07 12:53:24 - 
2023-05-07 12:53:24 - Working on... pcap/dump.pcap 
2023-05-07 12:53:24 - Done! in 0 seconds
2023-05-07 12:53:24 - 	 Total packets: 100
2023-05-07 12:53:24 - 	 Valid packets: 90
2023-05-07 12:53:24 - 	 Ignored packets:10 10 
2023-05-07 12:53:24 - PCAP duration 15 seconds
2023-05-07 12:53:24 - ----------------------------------------------------------------------------
2023-05-07 12:53:24 - 

----------------------------------------------------------------------------
 TOTAL FLOWS GENERATED: 9
2023-05-07 12:53:24 - ----------------------------------------------------------------------------

2023-05-07 12:53:38 - 
2023-05-07 12:53:38 - CICFlowMeter-V3 found: 1 Files.
2023-05-07 12:53:38 - 
2023-05-07 12:53:38 - Working on... pcap/dump.pcap 
2023-05-07 12:53:38 - Done! in 0 seconds
2023-05-07 12:53:38 - 	 Total packets: 100
2023-05-07 12:53:38 - 	 Valid packets: 98
2023-05-07 12:53:38 - 	 Ignored packets:2 2 
2023-05-07 12:53:38 - PCAP duration 11 seconds
2023-05-07 12:53:38 - ----------------------------------------------------------------------------
2023-05-07 12:53:38 - 

----------------------------------------------------------------------------
 TOTAL FLOWS GENERATED: 14
2023-05-07 12:53:38 - ----------------------------------------------------------------------------

2023-05-07 13:09:53 - 
2023-05-07 13:09:53 - CICFlowMeter-V3 found: 1 Files.
2023-05-07 13:09:53 - 
2023-05-07 13:09:53 - Working on... pcap/dump.pcap 
2023-05-07 13:09:53 - Done! in 0 seconds
2023-05-07 13:09:53 - 	 Total packets: 100
2023-05-07 13:09:53 - 	 Valid packets: 89
2023-05-07 13:09:53 - 	 Ignored packets:11 11 
2023-05-07 13:09:53 - PCAP duration 27 seconds
2023-05-07 13:09:53 - ----------------------------------------------------------------------------
2023-05-07 13:09:53 - 

----------------------------------------------------------------------------
 TOTAL FLOWS GENERATED: 13
2023-05-07 13:09:53 - ----------------------------------------------------------------------------

2023-05-07 13:38:37 - 
2023-05-07 13:38:37 - CICFlowMeter-V3 found: 1 Files.
2023-05-07 13:38:37 - 
2023-05-07 13:38:37 - Working on... pcap/dump.pcap 
2023-05-07 13:38:37 - Done! in 0 seconds
2023-05-07 13:38:37 - 	 Total packets: 100
2023-05-07 13:38:37 - 	 Valid packets: 96
2023-05-07 13:38:37 - 	 Ignored packets:4 4 
2023-05-07 13:38:37 - PCAP duration 7 seconds
2023-05-07 13:38:37 - ----------------------------------------------------------------------------
2023-05-07 13:38:37 - 

----------------------------------------------------------------------------
 TOTAL FLOWS GENERATED: 9
2023-05-07 13:38:37 - ----------------------------------------------------------------------------

2023-05-07 14:13:59 - 
2023-05-07 14:13:59 - CICFlowMeter-V3 found: 1 Files.
2023-05-07 14:14:00 - 
2023-05-07 14:14:00 - Working on... pcap/40.pcap 
2023-05-07 14:14:00 - Done! in 0 seconds
2023-05-07 14:14:00 - 	 Total packets: 100
2023-05-07 14:14:00 - 	 Valid packets: 92
2023-05-07 14:14:00 - 	 Ignored packets:8 8 
2023-05-07 14:14:00 - PCAP duration 15 seconds
2023-05-07 14:14:00 - ----------------------------------------------------------------------------
2023-05-07 14:14:00 - 

----------------------------------------------------------------------------
 TOTAL FLOWS GENERATED: 6
2023-05-07 14:14:00 - ----------------------------------------------------------------------------

2023-05-07 14:14:00 - 
2023-05-07 14:14:00 - CICFlowMeter-V3 found: 1 Files.
2023-05-07 14:14:00 - 
2023-05-07 14:14:00 - Working on... pcap/dump.pcap 
2023-05-07 14:14:00 - Done! in 0 seconds
2023-05-07 14:14:00 - 	 Total packets: 11
2023-05-07 14:14:00 - 	 Valid packets: 11
2023-05-07 14:14:00 - 	 Ignored packets:0 0 
2023-05-07 14:14:00 - PCAP duration 0 seconds
2023-05-07 14:14:00 - ----------------------------------------------------------------------------
2023-05-07 14:14:00 - 

----------------------------------------------------------------------------
 TOTAL FLOWS GENERATED: 3
2023-05-07 14:14:00 - ----------------------------------------------------------------------------

2023-05-07 14:16:11 - 
2023-05-07 14:16:11 - CICFlowMeter-V3 found: 1 Files.
2023-05-07 14:16:11 - 
2023-05-07 14:16:11 - Working on... pcap/46.pcap 
2023-05-07 14:16:11 - Done! in 0 seconds
2023-05-07 14:16:11 - 	 Total packets: 100
2023-05-07 14:16:11 - 	 Valid packets: 83
2023-05-07 14:16:11 - 	 Ignored packets:17 17 
2023-05-07 14:16:11 - PCAP duration 23 seconds
2023-05-07 14:16:11 - ----------------------------------------------------------------------------
2023-05-07 14:16:11 - 

----------------------------------------------------------------------------
 TOTAL FLOWS GENERATED: 11
2023-05-07 14:16:11 - ----------------------------------------------------------------------------

2023-05-07 14:18:40 - 
2023-05-07 14:18:40 - CICFlowMeter-V3 found: 1 Files.
2023-05-07 14:18:40 - 
2023-05-07 14:18:40 - Working on... pcap/46.pcap 
2023-05-07 14:18:40 - Done! in 0 seconds
2023-05-07 14:18:40 - 	 Total packets: 100
2023-05-07 14:18:40 - 	 Valid packets: 83
2023-05-07 14:18:40 - 	 Ignored packets:17 17 
2023-05-07 14:18:40 - PCAP duration 23 seconds
2023-05-07 14:18:40 - ----------------------------------------------------------------------------
2023-05-07 14:18:40 - 

----------------------------------------------------------------------------
 TOTAL FLOWS GENERATED: 11
2023-05-07 14:18:40 - ----------------------------------------------------------------------------

2023-05-07 14:18:40 - 
2023-05-07 14:18:40 - CICFlowMeter-V3 found: 1 Files.
2023-05-07 14:18:40 - 
2023-05-07 14:18:40 - Working on... pcap/56.pcap 
2023-05-07 14:18:40 - Done! in 0 seconds
2023-05-07 14:18:40 - 	 Total packets: 698
2023-05-07 14:18:40 - 	 Valid packets: 612
2023-05-07 14:18:40 - 	 Ignored packets:86 86 
2023-05-07 14:18:40 - PCAP duration 102 seconds
2023-05-07 14:18:40 - ----------------------------------------------------------------------------
2023-05-07 14:18:40 - 

----------------------------------------------------------------------------
 TOTAL FLOWS GENERATED: 36
2023-05-07 14:18:40 - ----------------------------------------------------------------------------

2023-05-07 14:28:57 - 
2023-05-07 14:28:57 - CICFlowMeter-V3 found: 1 Files.
2023-05-07 14:28:57 - 
2023-05-07 14:28:57 - Working on... pcap/59.pcap 
2023-05-07 14:28:57 - Done! in 0 seconds
2023-05-07 14:28:57 - 	 Total packets: 1000
2023-05-07 14:28:57 - 	 Valid packets: 766
2023-05-07 14:28:57 - 	 Ignored packets:234 234 
2023-05-07 14:28:57 - PCAP duration 116 seconds
2023-05-07 14:28:57 - ----------------------------------------------------------------------------
2023-05-07 14:28:57 - 

----------------------------------------------------------------------------
 TOTAL FLOWS GENERATED: 38
2023-05-07 14:28:57 - ----------------------------------------------------------------------------

2023-05-07 14:28:57 - 
2023-05-07 14:28:57 - CICFlowMeter-V3 found: 1 Files.
2023-05-07 14:28:58 - 
2023-05-07 14:28:58 - Working on... pcap/46.pcap 
2023-05-07 14:28:58 - Done! in 0 seconds
2023-05-07 14:28:58 - 	 Total packets: 100
2023-05-07 14:28:58 - 	 Valid packets: 83
2023-05-07 14:28:58 - 	 Ignored packets:17 17 
2023-05-07 14:28:58 - PCAP duration 23 seconds
2023-05-07 14:28:58 - ----------------------------------------------------------------------------
2023-05-07 14:28:58 - 

----------------------------------------------------------------------------
 TOTAL FLOWS GENERATED: 11
2023-05-07 14:28:58 - ----------------------------------------------------------------------------

2023-05-07 14:28:58 - 
2023-05-07 14:28:58 - CICFlowMeter-V3 found: 1 Files.
2023-05-07 14:28:58 - 
2023-05-07 14:28:58 - Working on... pcap/56.pcap 
2023-05-07 14:28:58 - Done! in 0 seconds
2023-05-07 14:28:58 - 	 Total packets: 698
2023-05-07 14:28:58 - 	 Valid packets: 612
2023-05-07 14:28:58 - 	 Ignored packets:86 86 
2023-05-07 14:28:58 - PCAP duration 102 seconds
2023-05-07 14:28:58 - ----------------------------------------------------------------------------
2023-05-07 14:28:58 - 

----------------------------------------------------------------------------
 TOTAL FLOWS GENERATED: 36
2023-05-07 14:28:58 - ----------------------------------------------------------------------------

2023-05-07 14:37:44 - 
2023-05-07 14:37:44 - CICFlowMeter-V3 found: 1 Files.
2023-05-07 14:37:44 - 
2023-05-07 14:37:44 - Working on... pcap/59.pcap 
2023-05-07 14:37:44 - Done! in 0 seconds
2023-05-07 14:37:44 - 	 Total packets: 1000
2023-05-07 14:37:44 - 	 Valid packets: 766
2023-05-07 14:37:44 - 	 Ignored packets:234 234 
2023-05-07 14:37:44 - PCAP duration 116 seconds
2023-05-07 14:37:44 - ----------------------------------------------------------------------------
2023-05-07 14:37:44 - 

----------------------------------------------------------------------------
 TOTAL FLOWS GENERATED: 38
2023-05-07 14:37:44 - ----------------------------------------------------------------------------

2023-05-07 14:37:44 - 
2023-05-07 14:37:44 - CICFlowMeter-V3 found: 1 Files.
2023-05-07 14:37:45 - 
2023-05-07 14:37:45 - Working on... pcap/46.pcap 
2023-05-07 14:37:45 - Done! in 0 seconds
2023-05-07 14:37:45 - 	 Total packets: 100
2023-05-07 14:37:45 - 	 Valid packets: 83
2023-05-07 14:37:45 - 	 Ignored packets:17 17 
2023-05-07 14:37:45 - PCAP duration 23 seconds
2023-05-07 14:37:45 - ----------------------------------------------------------------------------
2023-05-07 14:37:45 - 

----------------------------------------------------------------------------
 TOTAL FLOWS GENERATED: 11
2023-05-07 14:37:45 - ----------------------------------------------------------------------------

2023-05-07 14:37:45 - 
2023-05-07 14:37:45 - CICFlowMeter-V3 found: 1 Files.
2023-05-07 14:37:45 - 
2023-05-07 14:37:45 - Working on... pcap/56.pcap 
2023-05-07 14:37:45 - Done! in 0 seconds
2023-05-07 14:37:45 - 	 Total packets: 698
2023-05-07 14:37:45 - 	 Valid packets: 612
2023-05-07 14:37:45 - 	 Ignored packets:86 86 
2023-05-07 14:37:45 - PCAP duration 102 seconds
2023-05-07 14:37:45 - ----------------------------------------------------------------------------
2023-05-07 14:37:45 - 

----------------------------------------------------------------------------
 TOTAL FLOWS GENERATED: 36
2023-05-07 14:37:45 - ----------------------------------------------------------------------------

2023-05-07 14:37:45 - 
2023-05-07 14:37:45 - CICFlowMeter-V3 found: 1 Files.
2023-05-07 14:37:45 - 
2023-05-07 14:37:45 - Working on... pcap/09.pcap 
2023-05-07 14:37:45 - Done! in 0 seconds
2023-05-07 14:37:45 - 	 Total packets: 600
2023-05-07 14:37:45 - 	 Valid packets: 529
2023-05-07 14:37:45 - 	 Ignored packets:71 71 
2023-05-07 14:37:45 - PCAP duration 34 seconds
2023-05-07 14:37:45 - ----------------------------------------------------------------------------
2023-05-07 14:37:45 - 

----------------------------------------------------------------------------
 TOTAL FLOWS GENERATED: 56
2023-05-07 14:37:45 - ----------------------------------------------------------------------------

2023-05-07 14:43:52 - 
2023-05-07 14:43:52 - CICFlowMeter-V3 found: 1 Files.
2023-05-07 14:43:52 - 
2023-05-07 14:43:52 - Working on... pcap/48.pcap 
2023-05-07 14:43:52 - Done! in 0 seconds
2023-05-07 14:43:52 - 	 Total packets: 100
2023-05-07 14:43:52 - 	 Valid packets: 99
2023-05-07 14:43:52 - 	 Ignored packets:1 1 
2023-05-07 14:43:52 - PCAP duration 2 seconds
2023-05-07 14:43:52 - ----------------------------------------------------------------------------
2023-05-07 14:43:52 - 

----------------------------------------------------------------------------
 TOTAL FLOWS GENERATED: 15
2023-05-07 14:43:52 - ----------------------------------------------------------------------------

2023-05-07 14:43:58 - 
2023-05-07 14:43:58 - CICFlowMeter-V3 found: 1 Files.
2023-05-07 14:43:59 - 
2023-05-07 14:43:59 - Working on... pcap/52.pcap 
2023-05-07 14:43:59 - Done! in 0 seconds
2023-05-07 14:43:59 - 	 Total packets: 100
2023-05-07 14:43:59 - 	 Valid packets: 93
2023-05-07 14:43:59 - 	 Ignored packets:7 7 
2023-05-07 14:43:59 - PCAP duration 5 seconds
2023-05-07 14:43:59 - ----------------------------------------------------------------------------
2023-05-07 14:43:59 - 

----------------------------------------------------------------------------
 TOTAL FLOWS GENERATED: 4
2023-05-07 14:43:59 - ----------------------------------------------------------------------------

2023-05-07 14:44:08 - 
2023-05-07 14:44:08 - CICFlowMeter-V3 found: 1 Files.
2023-05-07 14:44:08 - 
2023-05-07 14:44:08 - Working on... pcap/59.pcap 
2023-05-07 14:44:08 - Done! in 0 seconds
2023-05-07 14:44:08 - 	 Total packets: 100
2023-05-07 14:44:08 - 	 Valid packets: 83
2023-05-07 14:44:08 - 	 Ignored packets:17 17 
2023-05-07 14:44:08 - PCAP duration 7 seconds
2023-05-07 14:44:08 - ----------------------------------------------------------------------------
2023-05-07 14:44:08 - 

----------------------------------------------------------------------------
 TOTAL FLOWS GENERATED: 5
2023-05-07 14:44:08 - ----------------------------------------------------------------------------

2023-05-07 14:47:13 - 
2023-05-07 14:47:13 - CICFlowMeter-V3 found: 1 Files.
2023-05-07 14:47:13 - 
2023-05-07 14:47:13 - Working on... pcap/06.pcap 
2023-05-07 14:47:13 - Done! in 0 seconds
2023-05-07 14:47:13 - 	 Total packets: 100
2023-05-07 14:47:13 - 	 Valid packets: 91
2023-05-07 14:47:13 - 	 Ignored packets:9 9 
2023-05-07 14:47:13 - PCAP duration 5 seconds
2023-05-07 14:47:13 - ----------------------------------------------------------------------------
2023-05-07 14:47:13 - 

----------------------------------------------------------------------------
 TOTAL FLOWS GENERATED: 11
2023-05-07 14:47:13 - ----------------------------------------------------------------------------

2023-05-07 14:47:19 - 
2023-05-07 14:47:19 - CICFlowMeter-V3 found: 1 Files.
2023-05-07 14:47:19 - 
2023-05-07 14:47:19 - Working on... pcap/13.pcap 
2023-05-07 14:47:19 - Done! in 0 seconds
2023-05-07 14:47:19 - 	 Total packets: 100
2023-05-07 14:47:19 - 	 Valid packets: 96
2023-05-07 14:47:19 - 	 Ignored packets:4 4 
2023-05-07 14:47:19 - PCAP duration 4 seconds
2023-05-07 14:47:19 - ----------------------------------------------------------------------------
2023-05-07 14:47:19 - 

----------------------------------------------------------------------------
 TOTAL FLOWS GENERATED: 14
2023-05-07 14:47:19 - ----------------------------------------------------------------------------

2023-05-07 14:47:31 - 
2023-05-07 14:47:31 - CICFlowMeter-V3 found: 1 Files.
2023-05-07 14:47:31 - 
2023-05-07 14:47:31 - Working on... pcap/19.pcap 
2023-05-07 14:47:31 - Done! in 0 seconds
2023-05-07 14:47:31 - 	 Total packets: 100
2023-05-07 14:47:31 - 	 Valid packets: 74
2023-05-07 14:47:31 - 	 Ignored packets:26 26 
2023-05-07 14:47:31 - PCAP duration 9 seconds
2023-05-07 14:47:31 - ----------------------------------------------------------------------------
2023-05-07 14:47:31 - 

----------------------------------------------------------------------------
 TOTAL FLOWS GENERATED: 10
2023-05-07 14:47:31 - ----------------------------------------------------------------------------

2023-05-07 14:47:32 - 
2023-05-07 14:47:32 - CICFlowMeter-V3 found: 1 Files.
2023-05-07 14:47:32 - 
2023-05-07 14:47:32 - Working on... pcap/31.pcap 
2023-05-07 14:47:33 - Done! in 0 seconds
2023-05-07 14:47:33 - 	 Total packets: 100
2023-05-07 14:47:33 - 	 Valid packets: 100
2023-05-07 14:47:33 - 	 Ignored packets:0 0 
2023-05-07 14:47:33 - PCAP duration 0 seconds
2023-05-07 14:47:33 - ----------------------------------------------------------------------------
2023-05-07 14:47:33 - 

----------------------------------------------------------------------------
 TOTAL FLOWS GENERATED: 5
2023-05-07 14:47:33 - ----------------------------------------------------------------------------

2023-05-07 14:47:40 - 
2023-05-07 14:47:40 - CICFlowMeter-V3 found: 1 Files.
2023-05-07 14:47:40 - 
2023-05-07 14:47:40 - Working on... pcap/33.pcap 
2023-05-07 14:47:40 - Done! in 0 seconds
2023-05-07 14:47:40 - 	 Total packets: 100
2023-05-07 14:47:40 - 	 Valid packets: 82
2023-05-07 14:47:40 - 	 Ignored packets:18 18 
2023-05-07 14:47:40 - PCAP duration 6 seconds
2023-05-07 14:47:40 - ----------------------------------------------------------------------------
2023-05-07 14:47:40 - 

----------------------------------------------------------------------------
 TOTAL FLOWS GENERATED: 14
2023-05-07 14:47:40 - ----------------------------------------------------------------------------

2023-05-07 14:47:47 - 
2023-05-07 14:47:47 - CICFlowMeter-V3 found: 1 Files.
2023-05-07 14:47:47 - 
2023-05-07 14:47:47 - Working on... pcap/40.pcap 
2023-05-07 14:47:47 - Done! in 0 seconds
2023-05-07 14:47:47 - 	 Total packets: 100
2023-05-07 14:47:47 - 	 Valid packets: 93
2023-05-07 14:47:47 - 	 Ignored packets:7 7 
2023-05-07 14:47:47 - PCAP duration 4 seconds
2023-05-07 14:47:47 - ----------------------------------------------------------------------------
2023-05-07 14:47:47 - 

----------------------------------------------------------------------------
 TOTAL FLOWS GENERATED: 4
2023-05-07 14:47:47 - ----------------------------------------------------------------------------

2023-05-07 15:45:17 - 
2023-05-07 15:45:17 - CICFlowMeter-V3 found: 1 Files.
2023-05-07 15:45:17 - 
2023-05-07 15:45:17 - Working on... pcap/dump.pcap 
2023-05-07 15:45:17 - Done! in 0 seconds
2023-05-07 15:45:17 - 	 Total packets: 100
2023-05-07 15:45:17 - 	 Valid packets: 73
2023-05-07 15:45:17 - 	 Ignored packets:27 27 
2023-05-07 15:45:17 - PCAP duration 10 seconds
2023-05-07 15:45:17 - ----------------------------------------------------------------------------
2023-05-07 15:45:17 - 

----------------------------------------------------------------------------
 TOTAL FLOWS GENERATED: 9
2023-05-07 15:45:17 - ----------------------------------------------------------------------------

2023-05-07 15:45:25 - 
2023-05-07 15:45:25 - CICFlowMeter-V3 found: 1 Files.
2023-05-07 15:45:25 - 
2023-05-07 15:45:25 - Working on... pcap/dump.pcap 
2023-05-07 15:45:26 - Done! in 0 seconds
2023-05-07 15:45:26 - 	 Total packets: 100
2023-05-07 15:45:26 - 	 Valid packets: 68
2023-05-07 15:45:26 - 	 Ignored packets:32 32 
2023-05-07 15:45:26 - PCAP duration 4 seconds
2023-05-07 15:45:26 - ----------------------------------------------------------------------------
2023-05-07 15:45:26 - 

----------------------------------------------------------------------------
 TOTAL FLOWS GENERATED: 13
2023-05-07 15:45:26 - ----------------------------------------------------------------------------

2023-05-07 15:45:35 - 
2023-05-07 15:45:35 - CICFlowMeter-V3 found: 1 Files.
2023-05-07 15:45:35 - 
2023-05-07 15:45:35 - Working on... pcap/dump.pcap 
2023-05-07 15:45:35 - Done! in 0 seconds
2023-05-07 15:45:35 - 	 Total packets: 100
2023-05-07 15:45:35 - 	 Valid packets: 75
2023-05-07 15:45:35 - 	 Ignored packets:25 25 
2023-05-07 15:45:35 - PCAP duration 6 seconds
2023-05-07 15:45:35 - ----------------------------------------------------------------------------
2023-05-07 15:45:35 - 

----------------------------------------------------------------------------
 TOTAL FLOWS GENERATED: 9
2023-05-07 15:45:35 - ----------------------------------------------------------------------------

2023-05-07 15:45:47 - 
2023-05-07 15:45:47 - CICFlowMeter-V3 found: 1 Files.
2023-05-07 15:45:47 - 
2023-05-07 15:45:47 - Working on... pcap/dump.pcap 
2023-05-07 15:45:47 - Done! in 0 seconds
2023-05-07 15:45:47 - 	 Total packets: 100
2023-05-07 15:45:47 - 	 Valid packets: 75
2023-05-07 15:45:47 - 	 Ignored packets:25 25 
2023-05-07 15:45:47 - PCAP duration 8 seconds
2023-05-07 15:45:47 - ----------------------------------------------------------------------------
2023-05-07 15:45:47 - 

----------------------------------------------------------------------------
 TOTAL FLOWS GENERATED: 4
2023-05-07 15:45:47 - ----------------------------------------------------------------------------

2023-05-07 15:46:54 - 
2023-05-07 15:46:54 - CICFlowMeter-V3 found: 1 Files.
2023-05-07 15:46:54 - 
2023-05-07 15:46:54 - Working on... pcap/dump.pcap 
2023-05-07 15:46:54 - Done! in 0 seconds
2023-05-07 15:46:54 - 	 Total packets: 100
2023-05-07 15:46:54 - 	 Valid packets: 63
2023-05-07 15:46:54 - 	 Ignored packets:37 37 
2023-05-07 15:46:54 - PCAP duration 14 seconds
2023-05-07 15:46:54 - ----------------------------------------------------------------------------
2023-05-07 15:46:54 - 

----------------------------------------------------------------------------
 TOTAL FLOWS GENERATED: 10
2023-05-07 15:46:54 - ----------------------------------------------------------------------------

2023-05-07 15:46:56 - 
2023-05-07 15:46:56 - CICFlowMeter-V3 found: 1 Files.
2023-05-07 15:46:56 - 
2023-05-07 15:46:56 - Working on... pcap/dump.pcap 
2023-05-07 15:46:56 - Done! in 0 seconds
2023-05-07 15:46:56 - 	 Total packets: 100
2023-05-07 15:46:56 - 	 Valid packets: 100
2023-05-07 15:46:56 - 	 Ignored packets:0 0 
2023-05-07 15:46:56 - PCAP duration 0 seconds
2023-05-07 15:46:56 - ----------------------------------------------------------------------------
2023-05-07 15:46:56 - 

----------------------------------------------------------------------------
 TOTAL FLOWS GENERATED: 1
2023-05-07 15:46:56 - ----------------------------------------------------------------------------

2023-05-07 15:47:16 - 
2023-05-07 15:47:16 - CICFlowMeter-V3 found: 1 Files.
2023-05-07 15:47:17 - 
2023-05-07 15:47:17 - Working on... pcap/dump.pcap 
2023-05-07 15:47:17 - Done! in 0 seconds
2023-05-07 15:47:17 - 	 Total packets: 100
2023-05-07 15:47:17 - 	 Valid packets: 70
2023-05-07 15:47:17 - 	 Ignored packets:30 30 
2023-05-07 15:47:17 - PCAP duration 16 seconds
2023-05-07 15:47:17 - ----------------------------------------------------------------------------
2023-05-07 15:47:17 - 

----------------------------------------------------------------------------
 TOTAL FLOWS GENERATED: 9
2023-05-07 15:47:17 - ----------------------------------------------------------------------------

2023-05-07 15:47:29 - 
2023-05-07 15:47:29 - CICFlowMeter-V3 found: 1 Files.
2023-05-07 15:47:29 - 
2023-05-07 15:47:29 - Working on... pcap/dump.pcap 
2023-05-07 15:47:29 - Done! in 0 seconds
2023-05-07 15:47:29 - 	 Total packets: 100
2023-05-07 15:47:29 - 	 Valid packets: 94
2023-05-07 15:47:29 - 	 Ignored packets:6 6 
2023-05-07 15:47:29 - PCAP duration 8 seconds
2023-05-07 15:47:29 - ----------------------------------------------------------------------------
2023-05-07 15:47:29 - 

----------------------------------------------------------------------------
 TOTAL FLOWS GENERATED: 11
2023-05-07 15:47:29 - ----------------------------------------------------------------------------

2023-05-07 15:47:35 - 
2023-05-07 15:47:35 - CICFlowMeter-V3 found: 1 Files.
2023-05-07 15:47:35 - 
2023-05-07 15:47:35 - Working on... pcap/dump.pcap 
2023-05-07 15:47:35 - Done! in 0 seconds
2023-05-07 15:47:35 - 	 Total packets: 100
2023-05-07 15:47:35 - 	 Valid packets: 81
2023-05-07 15:47:35 - 	 Ignored packets:19 19 
2023-05-07 15:47:35 - PCAP duration 3 seconds
2023-05-07 15:47:35 - ----------------------------------------------------------------------------
2023-05-07 15:47:35 - 

----------------------------------------------------------------------------
 TOTAL FLOWS GENERATED: 8
2023-05-07 15:47:35 - ----------------------------------------------------------------------------

